0 info it worked if it ends with ok
1 verbose cli [ 'C:\\Program Files\\nodejs\\node.exe',
1 verbose cli   'C:\\Program Files\\nodejs\\node_modules\\npm\\bin\\npm-cli.js',
1 verbose cli   'start' ]
2 info using npm@3.10.10
3 info using node@v6.9.5
4 verbose run-script [ 'prestart', 'start', 'poststart' ]
5 info lifecycle login-ui@0.0.0~prestart: login-ui@0.0.0
6 silly lifecycle login-ui@0.0.0~prestart: no script for prestart, continuing
7 info lifecycle login-ui@0.0.0~start: login-ui@0.0.0
8 verbose lifecycle login-ui@0.0.0~start: unsafe-perm in lifecycle true
9 verbose lifecycle login-ui@0.0.0~start: PATH: C:\Users\Admin\AppData\Roaming\nvm\v6.9.5\node_modules\npm\bin\node-gyp-bin;D:\Login\login-ui\node_modules\.bin;c:\Windows\System32\wbem;C:\Program Files\Git\cmd;C:\sqlite3;C:\Users\Admin\AppData\Roaming\nvm;C:\Program Files\nodejs;C:\Users\Admin\AppData\Local\Programs\Microsoft VS Code\bin
10 verbose lifecycle login-ui@0.0.0~start: CWD: D:\Login\login-ui
11 silly lifecycle login-ui@0.0.0~start: Args: [ '/d /s /c', 'ng serve' ]
12 silly lifecycle login-ui@0.0.0~start: Returned: code: 3  signal: null
13 info lifecycle login-ui@0.0.0~start: Failed to exec start script
14 verbose stack Error: login-ui@0.0.0 start: `ng serve`
14 verbose stack Exit status 3
14 verbose stack     at EventEmitter.<anonymous> (C:\Users\Admin\AppData\Roaming\nvm\v6.9.5\node_modules\npm\lib\utils\lifecycle.js:255:16)
14 verbose stack     at emitTwo (events.js:106:13)
14 verbose stack     at EventEmitter.emit (events.js:191:7)
14 verbose stack     at ChildProcess.<anonymous> (C:\Users\Admin\AppData\Roaming\nvm\v6.9.5\node_modules\npm\lib\utils\spawn.js:40:14)
14 verbose stack     at emitTwo (events.js:106:13)
14 verbose stack     at ChildProcess.emit (events.js:191:7)
14 verbose stack     at maybeClose (internal/child_process.js:877:16)
14 verbose stack     at Process.ChildProcess._handle.onexit (internal/child_process.js:226:5)
15 verbose pkgid login-ui@0.0.0
16 verbose cwd D:\Login\login-ui
17 error Windows_NT 10.0.10240
18 error argv "C:\\Program Files\\nodejs\\node.exe" "C:\\Program Files\\nodejs\\node_modules\\npm\\bin\\npm-cli.js" "start"
19 error node v6.9.5
20 error npm  v3.10.10
21 error code ELIFECYCLE
22 error login-ui@0.0.0 start: `ng serve`
22 error Exit status 3
23 error Failed at the login-ui@0.0.0 start script 'ng serve'.
23 error Make sure you have the latest version of node.js and npm installed.
23 error If you do, this is most likely a problem with the login-ui package,
23 error not with npm itself.
23 error Tell the author that this fails on your system:
23 error     ng serve
23 error You can get information on how to open an issue for this project with:
23 error     npm bugs login-ui
23 error Or if that isn't available, you can get their info via:
23 error     npm owner ls login-ui
23 error There is likely additional logging output above.
24 verbose exit [ 1, true ]
